<?xml version="1.0" encoding="UTF-8"?>
<!-- Generated by org.testng.reporters.JUnitXMLReporter -->
<testsuite ignored="2" hostname="DESKTOP-B4NK6IV" failures="0" tests="1" name="GRP-cart" time="0.18" errors="0" timestamp="2022-12-19T21:52:07 EET">
  <testcase classname="Logic" name="check_add_to_cart_process" time="0.031"/>
  <testcase classname="Logic" name="check_The_high_to_low" time="0.0">
    <ignored/>
  </testcase> <!-- check_The_high_to_low -->
  <testcase classname="Logic" name="sort_items_low_to_high" time="0.0">
    <ignored/>
  </testcase> <!-- sort_items_low_to_high -->
</testsuite> <!-- GRP-cart -->
