<?xml version="1.0" encoding="UTF-8"?>
<!-- Generated by org.testng.reporters.JUnitXMLReporter -->
<testsuite ignored="0" hostname="DESKTOP-B4NK6IV" failures="0" tests="3" name="Default test" time="15.115" errors="0" timestamp="2022-12-27T18:44:44 EET">
  <testcase classname="Logic" name="check_The_high_to_low" time="0.034"/>
  <testcase classname="Logic" name="sort_items_low_to_high" time="4.41"/>
  <testcase classname="Logic" name="check_add_to_cart_process" time="0.016"/>
</testsuite> <!-- Default test -->
